--------------------- Error(2023-09-18 16:53:49.1687)-------------------- 
 Class: Utility.PageUtility.logError
 Exception Type:System.DivideByZeroException
  Exception Message:Attempted to divide by zero.
   Stack Trace:   at System.Decimal.FCallDivide(Decimal& d1, Decimal& d2)
   at System.Decimal.op_Division(Decimal d1, Decimal d2)
   at admin_Stats_Usage.loadData() in c:\web\Staging\porpora-autotrasporti\Stats_Usage.aspx.cs:line 64
   at admin_Stats_Usage.Page_Load(Object sender, EventArgs e) in c:\web\Staging\porpora-autotrasporti\Stats_Usage.aspx.cs:line 22
   Additional Info: 

--------------------- Error(2023-09-18 16:53:49.5967)-------------------- 
 Class: Utility.PageUtility.logError
 Exception Type:System.DivideByZeroException
  Exception Message:Attempted to divide by zero.
   Stack Trace:   at System.Decimal.FCallDivide(Decimal& d1, Decimal& d2)
   at System.Decimal.op_Division(Decimal d1, Decimal d2)
   at admin_Stats_Usage.loadData() in c:\web\Staging\porpora-autotrasporti\Stats_Usage.aspx.cs:line 64
   at admin_Stats_Usage.Page_Load(Object sender, EventArgs e) in c:\web\Staging\porpora-autotrasporti\Stats_Usage.aspx.cs:line 22
   Additional Info: 

--------------------- Error(2023-09-18 16:54:30.8320)-------------------- 
 Class: Utility.PageUtility.logError
 Exception Type:System.DivideByZeroException
  Exception Message:Attempted to divide by zero.
   Stack Trace:   at System.Decimal.FCallDivide(Decimal& d1, Decimal& d2)
   at System.Decimal.op_Division(Decimal d1, Decimal d2)
   at admin_Stats_Usage.loadData() in c:\web\Staging\porpora-autotrasporti\Stats_Usage.aspx.cs:line 64
   at admin_Stats_Usage.Page_Load(Object sender, EventArgs e) in c:\web\Staging\porpora-autotrasporti\Stats_Usage.aspx.cs:line 22
   Additional Info: 

--------------------- Error(2023-09-18 16:54:31.1411)-------------------- 
 Class: Utility.PageUtility.logError
 Exception Type:System.DivideByZeroException
  Exception Message:Attempted to divide by zero.
   Stack Trace:   at System.Decimal.FCallDivide(Decimal& d1, Decimal& d2)
   at System.Decimal.op_Division(Decimal d1, Decimal d2)
   at admin_Stats_Usage.loadData() in c:\web\Staging\porpora-autotrasporti\Stats_Usage.aspx.cs:line 64
   at admin_Stats_Usage.Page_Load(Object sender, EventArgs e) in c:\web\Staging\porpora-autotrasporti\Stats_Usage.aspx.cs:line 22
   Additional Info: 

--------------------- Error(2023-09-18 16:54:56.8235)-------------------- 
 Class: Utility.PageUtility.logError
 Exception Type:System.DivideByZeroException
  Exception Message:Attempted to divide by zero.
   Stack Trace:   at System.Decimal.FCallDivide(Decimal& d1, Decimal& d2)
   at System.Decimal.op_Division(Decimal d1, Decimal d2)
   at admin_Stats_Usage.loadData() in c:\web\Staging\porpora-autotrasporti\Stats_Usage.aspx.cs:line 64
   at admin_Stats_Usage.Page_Load(Object sender, EventArgs e) in c:\web\Staging\porpora-autotrasporti\Stats_Usage.aspx.cs:line 22
   Additional Info: 

--------------------- Error(2023-09-18 16:54:57.1476)-------------------- 
 Class: Utility.PageUtility.logError
 Exception Type:System.DivideByZeroException
  Exception Message:Attempted to divide by zero.
   Stack Trace:   at System.Decimal.FCallDivide(Decimal& d1, Decimal& d2)
   at System.Decimal.op_Division(Decimal d1, Decimal d2)
   at admin_Stats_Usage.loadData() in c:\web\Staging\porpora-autotrasporti\Stats_Usage.aspx.cs:line 64
   at admin_Stats_Usage.Page_Load(Object sender, EventArgs e) in c:\web\Staging\porpora-autotrasporti\Stats_Usage.aspx.cs:line 22
   Additional Info: 

--------------------- Error(2023-09-18 16:55:46.1854)-------------------- 
 Class: Utility.PageUtility.logError
 Exception Type:System.DivideByZeroException
  Exception Message:Attempted to divide by zero.
   Stack Trace:   at System.Decimal.FCallDivide(Decimal& d1, Decimal& d2)
   at System.Decimal.op_Division(Decimal d1, Decimal d2)
   at admin_Stats_Usage.loadData() in c:\web\Staging\porpora-autotrasporti\Stats_Usage.aspx.cs:line 64
   at admin_Stats_Usage.Page_Load(Object sender, EventArgs e) in c:\web\Staging\porpora-autotrasporti\Stats_Usage.aspx.cs:line 22
   Additional Info: 

--------------------- Error(2023-09-18 16:55:46.5114)-------------------- 
 Class: Utility.PageUtility.logError
 Exception Type:System.DivideByZeroException
  Exception Message:Attempted to divide by zero.
   Stack Trace:   at System.Decimal.FCallDivide(Decimal& d1, Decimal& d2)
   at System.Decimal.op_Division(Decimal d1, Decimal d2)
   at admin_Stats_Usage.loadData() in c:\web\Staging\porpora-autotrasporti\Stats_Usage.aspx.cs:line 64
   at admin_Stats_Usage.Page_Load(Object sender, EventArgs e) in c:\web\Staging\porpora-autotrasporti\Stats_Usage.aspx.cs:line 22
   Additional Info: 

